<?xml version="1.0" encoding="UTF-8"?>
<!-- Generated by org.testng.reporters.JUnitReportReporter -->
<testsuite hostname="HYDHTC333929L" failures="0" tests="1" name="NewTest" time="10.261" errors="0" timestamp="15 Oct 2020 07:55:46 GMT" skipped="0">
  <testcase classname="NewTest" name="f" time="10.261"/>
</testsuite> <!-- NewTest -->
